<?xml version="1.0" encoding="UTF-8"?>
<testsuite xmlns:xsi="http://www.w3.org/2001/XMLSchema-instance" xsi:noNamespaceSchemaLocation="https://maven.apache.org/surefire/maven-surefire-plugin/xsd/surefire-test-report-3.0.xsd" version="3.0" name="TestRunner.ParallelRunner" time="49.714" tests="16" errors="0" skipped="0" failures="0">
  <properties>
[...]
</properties>
  <testcase name="runScenario[&quot;Login page title&quot;, &quot;Optional[Login page feature]&quot;](1)" classname="TestRunner.ParallelRunner" time="23.439">
    <system-out><![CDATA[
@Login @Smoke
Scenario: Forgot password link                       &amp#27;[90m# src/test/resources/Features/LoginPage.feature:11&amp#27;[0m

@Login @Regression
Scenario: Login with correct credentials                   &amp#27;[90m# src/test/resources/Features/LoginPage.feature:16&amp#27;[0m

@Login @Regression
Scenario: Login without username                                      &amp#27;[90m# src/test/resources/Features/LoginPage.feature:38&amp#27;[0m

@Smoke
Scenario: Create new account with valid email address       &amp#27;[90m# src/test/resources/Features/CreateAnAccountPage.feature:4&amp#27;[0m

@Login @Smoke
Scenario: Login page title                     &amp#27;[90m# src/test/resources/Features/LoginPage.feature:5&amp#27;[0m

@AccountPage @Regression
Scenario: account section count                   &amp#27;[90m# src/test/resources/Features/AccountsPage.feature:16&amp#27;[0m

@ContactUs @Regression
Scenario Outline: Contact us scenario with different set of data                            &amp#27;[90m# src/test/resources/Features/ContactUs.feature:14&amp#27;[0m
Browser value is : chrome
Browser value is : chrome
Browser value is : chrome
Browser value is : chrome
Browser value is : chrome
Browser value is : chrome
Browser value is : chrome

@Login @Regression
Scenario: Login without password                                 &amp#27;[90m# src/test/resources/Features/LoginPage.feature:31&amp#27;[0m
Browser value is : chrome

@Login @Regression
Scenario: Login without username or password                          &amp#27;[90m# src/test/resources/Features/LoginPage.feature:25&amp#27;[0m

@AccountPage @Smoke
Scenario: account page title                        &amp#27;[90m# src/test/resources/Features/AccountsPage.feature:10&amp#27;[0m
Browser value is : chrome
Browser value is : chrome
  &amp#27;[32mGiven &amp#27;[0m&amp#27;[32muser is on login page&amp#27;[0m                                    &amp#27;[90m# Steps.LoginSteps.user_is_on_login_page()&amp#27;[0m
  &amp#27;[32mWhen &amp#27;[0m&amp#27;[32muser enters username &amp#27;[0m&amp#27;[32m&amp#27;[1m"dec2020secondbatch@gmail.com"&amp#27;[0m       &amp#27;[90m# Steps.LoginSteps.user_enters_username(java.lang.String)&amp#27;[0m
  &amp#27;[32mGiven &amp#27;[0m&amp#27;[32muser is on login page&amp#27;[0m                               &amp#27;[90m# Steps.LoginSteps.user_is_on_login_page()&amp#27;[0m
  &amp#27;[32mWhen &amp#27;[0m&amp#27;[32muser enters email address &amp#27;[0m&amp#27;[32m&amp#27;[1m"roymiller018@yopmail.com"&amp#27;[0m &amp#27;[90m# Steps.LoginSteps.userEntersEmailAddress(java.lang.String)&amp#27;[0m
  &amp#27;[32mGiven &amp#27;[0m&amp#27;[32muser is on login page&amp#27;[0m                              &amp#27;[90m# Steps.LoginSteps.user_is_on_login_page()&amp#27;[0m
  &amp#27;[32mGiven &amp#27;[0m&amp#27;[32muser navigates to contact us page&amp#27;[0m                                                   &amp#27;[90m# Steps.ContactUsSteps.user_navigates_to_contact_us_page()&amp#27;[0m
Page title is : Contact us - My Store
  &amp#27;[32mThen &amp#27;[0m&amp#27;[32muser gets the title of the contact us page&amp#27;[0m                                           &amp#27;[90m# Steps.ContactUsSteps.user_gets_the_title_of_the_contact_us_page()&amp#27;[0m
  &amp#27;[32mGiven &amp#27;[0m&amp#27;[32muser is on login page&amp#27;[0m                        &amp#27;[90m# Steps.LoginSteps.user_is_on_login_page()&amp#27;[0m
  &amp#27;[32mGiven &amp#27;[0m&amp#27;[32muser is on login page&amp#27;[0m                                         &amp#27;[90m# Steps.LoginSteps.user_is_on_login_page()&amp#27;[0m
  &amp#27;[32mGiven &amp#27;[0m&amp#27;[32muser is on login page&amp#27;[0m                  &amp#27;[90m# Steps.LoginSteps.user_is_on_login_page()&amp#27;[0m
  &amp#27;[32mAnd &amp#27;[0m&amp#27;[32muser click on create an account button&amp#27;[0m                &amp#27;[90m# Steps.LoginSteps.userClickOnCreateAnAccountButton()&amp#27;[0m
Page title is : Login - My Store
Page title is : Login - My Store
  &amp#27;[32mWhen &amp#27;[0m&amp#27;[32muser gets the title of the page&amp#27;[0m         &amp#27;[90m# Steps.LoginSteps.user_gets_the_title_of_the_page()&amp#27;[0m
  &amp#27;[32mThen &amp#27;[0m&amp#27;[32mpage title should be &amp#27;[0m&amp#27;[32m&amp#27;[1m"Login - My Store"&amp#27;[0m &amp#27;[90m# Steps.LoginSteps.page_title_should_be(java.lang.String)&amp#27;[0m
  &amp#27;[32mGiven &amp#27;[0m&amp#27;[32muser is on login page&amp#27;[0m                                         &amp#27;[90m# Steps.LoginSteps.user_is_on_login_page()&amp#27;[0m
  &amp#27;[32mWhen &amp#27;[0m&amp#27;[32muser enters username &amp#27;[0m&amp#27;[32m&amp#27;[1m"dec2020secondbatch@gmail.com"&amp#27;[0m &amp#27;[90m# Steps.LoginSteps.user_enters_username(java.lang.String)&amp#27;[0m
  &amp#27;[32mAnd &amp#27;[0m&amp#27;[32muser clicks on login button&amp#27;[0m                                &amp#27;[90m# Steps.LoginSteps.user_clicks_on_login_button()&amp#27;[0m
]]></system-out>
    <system-err><![CDATA[SLF4J: Failed to load class "org.slf4j.impl.StaticLoggerBinder".
SLF4J: Defaulting to no-operation (NOP) logger implementation
SLF4J: See http://www.slf4j.org/codes.html#StaticLoggerBinder for further details.
SSSSSSSSSStartitnga rCthirnogme DCrhirvoemr etaD9rr6t.0.4ii66n4v.4g5e  (r76Ce 4ch1bb29rab466o7m1.ebDrt8air0tbi.vn4g6e 6eC4h.rrb4o5m  ea(Dr76i3e4c91vbb42ea4b44e6r76116bc .00f.147965868644.b42b.f5 c-er(b0e76e4c1bb2ab4t6arting ChromeDri.4664.45 (76e4c1bb2ab4671b8beba3444e61c0f17584b2tfartcing C-hromreDriveefs/rb r9a6n.c0h.-4h6e6a4d.s4/45 6(afs/b71b76e4c1bb2ab4671b8beba344ver 96.t0t34tt.4664arting ChromeDare61c0arting ChromeDrivea6rra8fr4@{#947})tin o1n7584b. 96.0.4664.45 (76e4c1bb2ab467g1b8beba3444e61 cC0fh1r7o5m8e4Dbr2ficv-erre f9s6/.b0r.a4nc6h6-4hea.d4s5/ 4(67664e@4{c#19b4b72}a)b 4o6n7 1pbo8rbte b5a13348444
eO6nb2fc-ref s/bporrta n5c5h0-5h8e
aOdnsl/y4 l66o4c@a{l# 9c4o7n}n)ect ioonn spor1ltt 65524 
Onelya bloccra0lf41 7ec58o4 an4b4n2ea3efcnct64licoh-lry4nr44i 1i-hev5nsolce 6w0o gee1 a(cfaferc7aCsdd/branch-hreads/e 40h16 96.0.46.64
Please see https.:4/5 (/76ce4hc1rbb2oamedriver.chromium.org/security-considerations for suggestions on keeping ChromeDriver safes.
/4Chr6omb6e4D46r@7i{1v#be98r4b 7w})ear7fela6 llowed.
Please6 see https://4c5hr@o8me4{dbr2f#icv-e9rr.e4cfhsr7/obrm}ainu)cmh.- oheraon posr sttar te5d s9uc1ces7sf0ull
yO.
nly local connections are allowed.
Please see https://chromedriver.chromium.org/security-considerati4c1bb2ab4671b8beba3444e61c0f17584b2fc-refs/branch-ogdons for su/ggestsioens conu kreeipitng yCh-rocmeDorh1os nbncem7i/eDriver 96.0.4ads/4s664@{#946764}.)4 oo5 nn( n7pe6ocert4icot1 nbs6b 23aa3rb0e4367 1
ba8Olnblelobywa e3ldo4.c
a4Pl4 lece6oa1nnscee0f17584ab3444e6 see hctttiposn:s/ /ac1rherc 0omfael1dl7ro5iw8ve4edbr2..f
ccPh-lrroeemafsiseu/m bs.reoaer nghc/thste-phcsue:r/ai/tdcsyh/-rc4oo6mn6es4di@rd{ie#vr9ear4t.7ic}oh)n rsoo mnfi ouprmo .rsoturg g4g/e9ss7et1ci7uo
nrOinst lyoy-n c loknoecseapilid necgro aCnthinreoocnmstie oDfnrosir  vaserureg  gsaealsfltoei.ow
enCdsh .ro
onPme lDrkeieavesepeir n swge aeC hhttrposm:e/D/rcihvreorm esdarfiev.
er.chromium.org/security-considerations for suggestions on keeping ChromeDriver safe.
CChrohmreoDmsre isDtvareritrve dew rsa uswcc easssftsuali lsydr.et
rtaatrietdone sd s fuoscr2uc fesuscg-gsesftiuolns o5ver safe8rl 4b2fc-ry.
n.
ChromeDriveer was started fsucsc/ebrancsh- kesefpuilnlgy .C
hromeDhriver safe.
eCahrdosm/e4D6r6i4ve@{r# 9w4a7s} )s toanr port 63097
Only loctal coennectdio nssu cacree saslfluolwleyd.
.
Please see https://chromedriver.chromium.org/security-considerations for psuggestcoirocnts  on6 ke2ee4pis0ngs7 
CfOhurnlolmlye y.lD
riovecr asafe.
Chrlome Dcriovern necwtiaos nss taarrte edal lsoucwecde.s
sPfluelalsye. 
see https://chromedriver.chromium.org/securitye-confs4is6d64@{#947}) on port 65428
Only local connections are allowed.
Please see https://chromedriver.chromium.org/security-considerations for suggestions on keeping ChromeDriver safe.
ChromeDriver was started successfully.
e/branch-heads/4664@{#947}) oran port 59426
Only local connections are allowed.
Please see https://chtroimeodnrsi vefro.rc hsurgogmeisutmi.oons orng k/eseepcuirnigt Cy-hcroonmseiDrdeivreart isoafnes. 
fCohrr suggeosmtieoDnsri ovenr  kweaesp isngt aCrhterdo mseucDrceisvserfu llsya.f
e.
ChromeDriver was started successfully.
Dec 24, 2021 10:18:31 PM org.openqa.selenium.remote.ProtocolHandshake createSession
INFO: Detected dialect: W3C
Dec 24, 2021 10:18:31 PM org.openqa.selenium.remote.ProtocolHandshake createSession
INFO: Detected dialect: W3C
Dec 24, 2021 10:18:31 PM org.openqa.selenium.remote.ProtocolHandshake createSession
INFO: Detected dialect: W3C
Dec 24, 2021 10:18:31 PM org.openqa.selenium.remote.ProtocolHandshake createSession
INFO: Detected dialect: W3C
Dec 24, 2021 10:18:31 PM org.openqa.selenium.remote.ProtocolHandshake createSession
INFO: Detected dialect: W3C
Dec 24, 2021 10:18:31 PM org.openqa.selenium.remote.ProtocolHandshake createSession
INFO: Detected dialect: W3C
Dec 24, 2021 10:18:31 PM org.openqa.selenium.remote.ProtocolHandshake createSession
INFO: Detected dialect: W3C
Dec 24, 2021 10:18:31 PM org.openqa.selenium.remote.ProtocolHandshake createSession
INFO: Detected dialect: W3C
Dec 24, 2021 10:18:31 PM org.openqa.selenium.remote.ProtocolHandshake createSession
INFO: Detected dialect: W3C
Dec 24, 2021 10:18:32 PM org.openqa.selenium.devtools.CdpVersionFinder findNearestMatch
INFO: Found exact CDP implementation for version 96
Dec 24, 2021 10:18:32 PM org.openqa.selenium.devtools.CdpVersionFinder findNearestMatch
INFO: Found exact CDP implementation for version 96
Dec 24, 2021 10:18:32 PM org.openqa.selenium.devtools.CdpVersionFinder findNearestMatch
INFO: Found exact CDP implementation for version 96
Dec 24, 2021 10:18:32 PM org.openqa.selenium.devtools.CdpVersionFinder findNearestMatch
INFO: Found exact CDP implementation for version 96
Dec 24, 2021 10:18:32 PM org.openqa.selenium.devtools.CdpVersionFinder findNearestMatch
INFO: Found exact CDP implementation for version 96
Dec 24, 2021 10:18:32 PM org.openqa.selenium.devtools.CdpVersionFinder findNearestMatch
INFO: Found exact CDP implementation for version 96
Dec 24, 2021 10:18:32 PM org.openqa.selenium.devtools.CdpVersionFinder findNearestMatch
INFO: Found exact CDP implementation for version 96
Dec 24, 2021 10:18:32 PM org.openqa.selenium.devtools.CdpVersionFinder findNearestMatch
INFO: Found exact CDP implementation for version 96
Dec 24, 2021 10:18:32 PM org.openqa.selenium.devtools.CdpVersionFinder findNearestMatch
INFO: Found exact CDP implementation for version 96
Dec 24, 2021 10:18:32 PM org.openqa.selenium.remote.ProtocolHandshake createSession
INFO: Detected dialect: W3C
Dec 24, 2021 10:18:32 PM org.openqa.selenium.devtools.CdpVersionFinder findNearestMatch
INFO: Found exact CDP implementation for version 96
]]></system-err>
  </testcase>
  <testcase name="runScenario[&quot;Forgot password link&quot;, &quot;Optional[Login page feature]&quot;](2)" classname="TestRunner.ParallelRunner" time="0.196">
    <system-out><![CDATA[  &amp#27;[32mThen &amp#27;[0m&amp#27;[32mforgot your password link should be displayed&amp#27;[0m &amp#27;[90m# Steps.LoginSteps.forgot_your_password_link_should_be_displayed()&amp#27;[0m

@Login @Regression
Scenario: Login with invalid credentials                          &amp#27;[90m# src/test/resources/Features/LoginPage.feature:45&amp#27;[0m
]]></system-out>
  </testcase>
  <testcase name="runScenario[&quot;Login without password&quot;, &quot;Optional[Login page feature]&quot;](3)" classname="TestRunner.ParallelRunner" time="0.26">
    <system-out><![CDATA[Browser value is : chrome

@Login @Regression
Scenario: Login with invalid password                             &amp#27;[90m# src/test/resources/Features/LoginPage.feature:53&amp#27;[0m
Browser value is : chrome
  &amp#27;[32mThen &amp#27;[0m&amp#27;[32mit should display invalid message &amp#27;[0m&amp#27;[32m&amp#27;[1m"Password is required."&amp#27;[0m &amp#27;[90m# Steps.LoginSteps.itShouldDisplayInvalidMessage(java.lang.String)&amp#27;[0m
  &amp#27;[32mAnd &amp#27;[0m&amp#27;[32muser enters password &amp#27;[0m&amp#27;[32m&amp#27;[1m"Selenium@12345"&amp#27;[0m                           &amp#27;[90m# Steps.LoginSteps.user_enters_password(java.lang.String)&amp#27;[0m
]]></system-out>
  </testcase>
  <testcase name="runScenario[&quot;Create new account with valid email address&quot;, &quot;Optional[Create an account]&quot;](4)" classname="TestRunner.ParallelRunner" time="2.413">
    <system-out><![CDATA[
@Login @Regression
Scenario: Login with invalid username                             &amp#27;[90m# src/test/resources/Features/LoginPage.feature:61&amp#27;[0m
Browser value is : chrome
  &amp#27;[32mAnd &amp#27;[0m&amp#27;[32muser enters password &amp#27;[0m&amp#27;[32m&amp#27;[1m"Selenium@12345"&amp#27;[0m                &amp#27;[90m# Steps.LoginSteps.user_enters_password(java.lang.String)&amp#27;[0m
  &amp#27;[32mThen &amp#27;[0m&amp#27;[32mregister page title should be &amp#27;[0m&amp#27;[32m&amp#27;[1m"Create an account"&amp#27;[0m    &amp#27;[90m# Steps.CreateAnAccountSteps.registerPageTitleShouldBe(java.lang.String)&amp#27;[0m
]]></system-out>
    <system-err><![CDATA[Starting SCtharormteiDng Criver 96.0h.4r6o6m4e.D45r i(v7e6re 49c61.b0b.4664.452 a(b7466e741cb18bbb2eabba4364741b48eb61ecb0af314745844e6b12cf0cf1-r7e5f8s4/bb2rfanch-headc-rsef/s/4br66an4c@h{-#h9e4a7d}s)/ 4o6n6 4p@o{r#t947})  o624n85 
pOonrlty  5l2o4c1a5l
 Ocnolnyn elocctional connectsi oanrse  arael laolwleodw.e
Plead.
Psleea ssee es eeh tthptst:p//sc:h/r/ocmherdormievderriver.chromium..cohrrg/osemciuriutym-c.oonrsidgera/tisones cforu surgigteys-tcioonnssi doenr aktieoenpisn gf oCrhromeDr isvuegrg seasftei.o
ns on keeping ChromeDriver safe.
Starting ChromeDriver 96.0.4664.45 (76e4c1bb2ab4671b8beba3444e61c0f17584b2fc-refs/branch-heads/4664@{#947}) on port 51287
Only local connections are allowed.
Please see https://chromedriver.chromium.org/security-considerations for suggestions on keeping ChromeDriver safe.
ChromeDriver was stCartherdo mesDurcicveesrs fwualsl ys.t
arted successfully.
ChromeDriver was started successfully.
]]></system-err>
  </testcase>
  <testcase name="runScenario[&quot;Login without username or password&quot;, &quot;Optional[Login page feature]&quot;](5)" classname="TestRunner.ParallelRunner" time="2.252">
    <system-out><![CDATA[
@Login @Regression
Scenario: Login with wrong username format                        &amp#27;[90m# src/test/resources/Features/LoginPage.feature:69&amp#27;[0m
Browser value is : chrome
  &amp#27;[32mAnd &amp#27;[0m&amp#27;[32muser clicks on login button&amp#27;[0m                                     &amp#27;[90m# Steps.LoginSteps.user_clicks_on_login_button()&amp#27;[0m
  &amp#27;[32mAnd &amp#27;[0m&amp#27;[32muser clicks on login button&amp#27;[0m                                     &amp#27;[90m# Steps.LoginSteps.user_clicks_on_login_button()&amp#27;[0m
  &amp#27;[32mThen &amp#27;[0m&amp#27;[32mit should display invalid message &amp#27;[0m&amp#27;[32m&amp#27;[1m"An email address required."&amp#27;[0m &amp#27;[90m# Steps.LoginSteps.itShouldDisplayInvalidMessage(java.lang.String)&amp#27;[0m
  &amp#27;[32mThen &amp#27;[0m&amp#27;[32mit should display invalid message &amp#27;[0m&amp#27;[32m&amp#27;[1m"An email address required."&amp#27;[0m &amp#27;[90m# Steps.LoginSteps.itShouldDisplayInvalidMessage(java.lang.String)&amp#27;[0m
]]></system-out>
    <system-err><![CDATA[Starting ChromeDriver 96.0.4664.45 (76e4c1bb2ab4671b8beba3444e61c0f17584b2fc-refs/branch-heads/4664@{#947}) on port 54104
Only local connections are allowed.
Please see https://chromedriver.chromium.org/security-considerations for suggestions on keeping ChromeDriver safe.
ChromeDriver was started successfully.
Dec 24, 2021 10:18:51 PM org.openqa.selenium.remote.ProtocolHandshake createSession
INFO: Detected dialect: W3C
Dec 24, 2021 10:18:51 PM org.openqa.selenium.devtools.CdpVersionFinder findNearestMatch
INFO: Found exact CDP implementation for version 96
]]></system-err>
  </testcase>
  <testcase name="runScenario[&quot;Login without username&quot;, &quot;Optional[Login page feature]&quot;](6)" classname="TestRunner.ParallelRunner" time="0.096">
    <system-out><![CDATA[
@Login @Smoke
Scenario: Create new account without email address                      &amp#27;[90m# src/test/resources/Features/LoginPage.feature:76&amp#27;[0m
Browser value is : chrome
]]></system-out>
    <system-err><![CDATA[Dec 24, 2021 10:18:51 PM org.openqa.selenium.remote.ProtocolHandshake createSession
INFO: Detected dialect: W3C
]]></system-err>
  </testcase>
  <testcase name="runScenario[&quot;account page title&quot;, &quot;Optional[Account page feature]&quot;](7)" classname="TestRunner.ParallelRunner" time="2.013">
    <system-out><![CDATA[
@Login @Smoke
Scenario: Create new account with wrong email address                   &amp#27;[90m# src/test/resources/Features/LoginPage.feature:82&amp#27;[0m
Browser value is : chrome
  &amp#27;[32mGiven &amp#27;[0m&amp#27;[32muser has already logged in to application&amp#27;[0m   &amp#27;[90m# Steps.AccountsPageSteps.user_has_already_logged_in_to_application(io.cucumber.datatable.DataTable)&amp#27;[0m
  &amp#27;[32mGiven &amp#27;[0m&amp#27;[32muser is on account page&amp#27;[0m                     &amp#27;[90m# Steps.AccountsPageSteps.user_is_on_account_page()&amp#27;[0m
Page title is : My account - My Store
  &amp#27;[32mWhen &amp#27;[0m&amp#27;[32muser gets the title of the page&amp#27;[0m              &amp#27;[90m# Steps.LoginSteps.user_gets_the_title_of_the_page()&amp#27;[0m
  &amp#27;[32mThen &amp#27;[0m&amp#27;[32mpage title should be &amp#27;[0m&amp#27;[32m&amp#27;[1m"My account - My Store"&amp#27;[0m &amp#27;[90m# Steps.LoginSteps.page_title_should_be(java.lang.String)&amp#27;[0m
]]></system-out>
    <system-err><![CDATA[Dec 24, 2021 10:18:51 PM org.openqa.selenium.remote.ProtocolHandshake createSession
INFO: Detected dialect: W3C
Dec 24, 2021 10:18:51 PM org.openqa.selenium.devtools.CdpVersionFinder findNearestMatch
INFO: Found exact CDP implementation for version 96
Dec 24, 2021 10:18:51 PM org.openqa.selenium.devtools.CdpVersionFinder findNearestMatch
INFO: Found exact CDP implementation for version 96
StartingS Cthartrionmge DCrhivromeDriveer 96r. 0.946.0.64664.644.54 5( 7(6e746ce1b4c1bbb2a2ba4b466717b18bb8ebbae3b4a43444e4e61c60f117c5804f1b75824fc-br2effcs-/rbrefasnch/-bhreaadnsch/4-h6e64@{#94ads7})/4664@{#9 4on7 po}rt)  578o8n5 por
Only tlo ca59l5 8c0o
nOnnelcyt ilooncsa la rceo nanlelcotwiedon.s
 Plaeraes ea llseoewe dht.t
pPsl:e/a/sce hrseoem ehdtrtipvse:/r/.cchhrroommieudmr.iovrerg./schecruormiiutm.yo-crgo/nssiedceurraititonys- fcoonsrid esruagtgieonssti ofnso ro ns ukgegepeisntgi oCnhsr omeDorni vkeere pisnafge .C
hromeDriver safe.
ChromeDriver wasC started hsruocmceesDsrfivuelrl yw.a
s started successfully.
Dec 24, 2021 10:18:52 PM org.openqa.selenium.remote.ProtocolHandshake createSession
INFO: Detected dialect: W3C
Dec 24, 2021 10:18:52 PM org.openqa.selenium.devtools.CdpVersionFinder findNearestMatch
INFO: Found exact CDP implementation for version 96
]]></system-err>
  </testcase>
  <testcase name="runScenario[&quot;Login with correct credentials&quot;, &quot;Optional[Login page feature]&quot;](8)" classname="TestRunner.ParallelRunner" time="3.781">
    <system-out><![CDATA[  &amp#27;[32mWhen &amp#27;[0m&amp#27;[32muser fills the form from given sheetname &amp#27;[0m&amp#27;[32m&amp#27;[1m"contactus"&amp#27;[0m&amp#27;[32m and rownumber &amp#27;[0m&amp#27;[32m&amp#27;[1m0&amp#27;[0m                 &amp#27;[90m# Steps.ContactUsSteps.user_fills_the_form_from_given_sheetname_and_rownumber(java.lang.String,java.lang.Integer)&amp#27;[0m
  &amp#27;[32mAnd &amp#27;[0m&amp#27;[32muser clicks on login button&amp#27;[0m                          &amp#27;[90m# Steps.LoginSteps.user_clicks_on_login_button()&amp#27;[0m
Page title is : My account - My Store
  &amp#27;[32mThen &amp#27;[0m&amp#27;[32muser gets the title of the page&amp#27;[0m                     &amp#27;[90m# Steps.LoginSteps.user_gets_the_title_of_the_page()&amp#27;[0m
  &amp#27;[32mAnd &amp#27;[0m&amp#27;[32mpage title should be &amp#27;[0m&amp#27;[32m&amp#27;[1m"My account - My Store"&amp#27;[0m         &amp#27;[90m# Steps.LoginSteps.page_title_should_be(java.lang.String)&amp#27;[0m
]]></system-out>
    <system-err><![CDATA[Dec 24, 2021 10:18:54 PM org.openqa.selenium.remote.ProtocolHandshake createSession
INFO: Detected dialect: W3C
Dec 24, 2021 10:18:54 PM org.openqa.selenium.devtools.CdpVersionFinder findNearestMatch
INFO: Found exact CDP implementation for version 96
Dec 24, 2021 10:18:54 PM org.openqa.selenium.remote.ProtocolHandshake createSession
INFO: Detected dialect: W3C
Dec 24, 2021 10:18:54 PM org.openqa.selenium.devtools.CdpVersionFinder findNearestMatch
INFO: Found exact CDP implementation for version 96
]]></system-err>
  </testcase>
  <testcase name="runScenario[&quot;account section count&quot;, &quot;Optional[Account page feature]&quot;](9)" classname="TestRunner.ParallelRunner" time="4.275">
    <system-out><![CDATA[  &amp#27;[32mGiven &amp#27;[0m&amp#27;[32muser has already logged in to application&amp#27;[0m &amp#27;[90m# Steps.AccountsPageSteps.user_has_already_logged_in_to_application(io.cucumber.datatable.DataTable)&amp#27;[0m
  &amp#27;[32mGiven &amp#27;[0m&amp#27;[32muser is on account page&amp#27;[0m                   &amp#27;[90m# Steps.AccountsPageSteps.user_is_on_account_page()&amp#27;[0m
Expected account sections list : [ORDER HISTORY AND DETAILS, MY CREDIT SLIPS, MY ADDRESSES, MY PERSONAL INFORMATION, MY WISHLISTS, Home]
ORDER HISTORY AND DETAILS
MY CREDIT SLIPS
MY ADDRESSES
MY PERSONAL INFORMATION
MY WISHLISTS
Home
Actual account sections list : [ORDER HISTORY AND DETAILS, MY CREDIT SLIPS, MY ADDRESSES, MY PERSONAL INFORMATION, MY WISHLISTS, Home]
  &amp#27;[32mThen &amp#27;[0m&amp#27;[32muser gets accounts section&amp#27;[0m                 &amp#27;[90m# Steps.AccountsPageSteps.user_gets_accounts_section(io.cucumber.datatable.DataTable)&amp#27;[0m
  &amp#27;[32mAnd &amp#27;[0m&amp#27;[32maccounts section count should be &amp#27;[0m&amp#27;[32m&amp#27;[1m6&amp#27;[0m          &amp#27;[90m# Steps.AccountsPageSteps.accounts_section_count_should_be(java.lang.Integer)&amp#27;[0m
]]></system-out>
  </testcase>
  <testcase name="runScenario[&quot;Contact us scenario with different set of data&quot;, &quot;Optional[Contact us feature]&quot;](10)" classname="TestRunner.ParallelRunner" time="7.326">
    <system-out><![CDATA[  &amp#27;[32mAnd &amp#27;[0m&amp#27;[32muser clicks on send button&amp#27;[0m                                                            &amp#27;[90m# Steps.ContactUsSteps.user_clicks_on_send_button()&amp#27;[0m
  &amp#27;[32mThen &amp#27;[0m&amp#27;[32mit shows a successful message &amp#27;[0m&amp#27;[32m&amp#27;[1m"Your message has been successfully sent to our team."&amp#27;[0m &amp#27;[90m# Steps.ContactUsSteps.it_shows_a_successful_message(java.lang.String)&amp#27;[0m
]]></system-out>
  </testcase>
  <testcase name="runScenario[&quot;Create new account without email address&quot;, &quot;Optional[Login page feature]&quot;](11)" classname="TestRunner.ParallelRunner" time="12.862">
    <system-out><![CDATA[  &amp#27;[32mGiven &amp#27;[0m&amp#27;[32muser is on login page&amp#27;[0m                                     &amp#27;[90m# Steps.LoginSteps.user_is_on_login_page()&amp#27;[0m
  &amp#27;[32mGiven &amp#27;[0m&amp#27;[32muser is on login page&amp#27;[0m                                     &amp#27;[90m# Steps.LoginSteps.user_is_on_login_page()&amp#27;[0m
  &amp#27;[32mGiven &amp#27;[0m&amp#27;[32muser is on login page&amp#27;[0m                                     &amp#27;[90m# Steps.LoginSteps.user_is_on_login_page()&amp#27;[0m
  &amp#27;[32mGiven &amp#27;[0m&amp#27;[32muser is on login page&amp#27;[0m                                     &amp#27;[90m# Steps.LoginSteps.user_is_on_login_page()&amp#27;[0m
  &amp#27;[32mWhen &amp#27;[0m&amp#27;[32muser enters username &amp#27;[0m&amp#27;[32m&amp#27;[1m"dec2020secoatch@gmail.com"&amp#27;[0m           &amp#27;[90m# Steps.LoginSteps.user_enters_username(java.lang.String)&amp#27;[0m
  &amp#27;[32mGiven &amp#27;[0m&amp#27;[32muser is on login page&amp#27;[0m                                           &amp#27;[90m# Steps.LoginSteps.user_is_on_login_page()&amp#27;[0m
  &amp#27;[32mGiven &amp#27;[0m&amp#27;[32muser is on login page&amp#27;[0m                                           &amp#27;[90m# Steps.LoginSteps.user_is_on_login_page()&amp#27;[0m
  &amp#27;[32mWhen &amp#27;[0m&amp#27;[32muser enters username &amp#27;[0m&amp#27;[32m&amp#27;[1m"dec2020sdbatch@gmail.com"&amp#27;[0m            &amp#27;[90m# Steps.LoginSteps.user_enters_username(java.lang.String)&amp#27;[0m
  &amp#27;[32mWhen &amp#27;[0m&amp#27;[32muser enters username &amp#27;[0m&amp#27;[32m&amp#27;[1m"dec2020secondbatch@gmail.com"&amp#27;[0m        &amp#27;[90m# Steps.LoginSteps.user_enters_username(java.lang.String)&amp#27;[0m
  &amp#27;[32mWhen &amp#27;[0m&amp#27;[32muser enters username &amp#27;[0m&amp#27;[32m&amp#27;[1m"dec2020secoatch@gmailcom"&amp#27;[0m            &amp#27;[90m# Steps.LoginSteps.user_enters_username(java.lang.String)&amp#27;[0m
  &amp#27;[32mAnd &amp#27;[0m&amp#27;[32muser enters password &amp#27;[0m&amp#27;[32m&amp#27;[1m"Selenium@12345"&amp#27;[0m                       &amp#27;[90m# Steps.LoginSteps.user_enters_password(java.lang.String)&amp#27;[0m
  &amp#27;[32mWhen &amp#27;[0m&amp#27;[32muser enters email address &amp#27;[0m&amp#27;[32m&amp#27;[1m"wrong.email"&amp#27;[0m                          &amp#27;[90m# Steps.LoginSteps.userEntersEmailAddress(java.lang.String)&amp#27;[0m
  &amp#27;[32mAnd &amp#27;[0m&amp#27;[32muser enters password &amp#27;[0m&amp#27;[32m&amp#27;[1m"Seleum@12345"&amp#27;[0m                         &amp#27;[90m# Steps.LoginSteps.user_enters_password(java.lang.String)&amp#27;[0m
  &amp#27;[32mAnd &amp#27;[0m&amp#27;[32muser click on create an account button&amp#27;[0m                            &amp#27;[90m# Steps.LoginSteps.userClickOnCreateAnAccountButton()&amp#27;[0m
  &amp#27;[32mAnd &amp#27;[0m&amp#27;[32muser enters password &amp#27;[0m&amp#27;[32m&amp#27;[1m"Selenium@12"&amp#27;[0m                          &amp#27;[90m# Steps.LoginSteps.user_enters_password(java.lang.String)&amp#27;[0m
  &amp#27;[32mAnd &amp#27;[0m&amp#27;[32muser click on create an account button&amp#27;[0m                            &amp#27;[90m# Steps.LoginSteps.userClickOnCreateAnAccountButton()&amp#27;[0m
  &amp#27;[32mThen &amp#27;[0m&amp#27;[32mit should display invalid email message &amp#27;[0m&amp#27;[32m&amp#27;[1m"Invalid email address."&amp#27;[0m &amp#27;[90m# Steps.LoginSteps.itShouldDisplayInvalidEmailMessage(java.lang.String)&amp#27;[0m
]]></system-out>
  </testcase>
  <testcase name="runScenario[&quot;Create new account with wrong email address&quot;, &quot;Optional[Login page feature]&quot;](12)" classname="TestRunner.ParallelRunner" time="13.748">
    <system-out><![CDATA[  &amp#27;[32mAnd &amp#27;[0m&amp#27;[32muser clicks on login button&amp#27;[0m                                 &amp#27;[90m# Steps.LoginSteps.user_clicks_on_login_button()&amp#27;[0m
  &amp#27;[32mThen &amp#27;[0m&amp#27;[32mit should display invalid email message &amp#27;[0m&amp#27;[32m&amp#27;[1m"Invalid email address."&amp#27;[0m &amp#27;[90m# Steps.LoginSteps.itShouldDisplayInvalidEmailMessage(java.lang.String)&amp#27;[0m
]]></system-out>
  </testcase>
  <testcase name="runScenario[&quot;Login with wrong username format&quot;, &quot;Optional[Login page feature]&quot;](13)" classname="TestRunner.ParallelRunner" time="13.941">
    <system-out><![CDATA[  &amp#27;[32mThen &amp#27;[0m&amp#27;[32mit should display invalid message &amp#27;[0m&amp#27;[32m&amp#27;[1m"Invalid email address."&amp#27;[0m &amp#27;[90m# Steps.LoginSteps.itShouldDisplayInvalidMessage(java.lang.String)&amp#27;[0m
]]></system-out>
  </testcase>
  <testcase name="runScenario[&quot;Login with invalid username&quot;, &quot;Optional[Login page feature]&quot;](14)" classname="TestRunner.ParallelRunner" time="16.145">
    <system-out><![CDATA[  &amp#27;[32mAnd &amp#27;[0m&amp#27;[32muser clicks on login button&amp#27;[0m                                 &amp#27;[90m# Steps.LoginSteps.user_clicks_on_login_button()&amp#27;[0m
  &amp#27;[32mAnd &amp#27;[0m&amp#27;[32muser clicks on login button&amp#27;[0m                                 &amp#27;[90m# Steps.LoginSteps.user_clicks_on_login_button()&amp#27;[0m
  &amp#27;[32mThen &amp#27;[0m&amp#27;[32mit should display invalid message &amp#27;[0m&amp#27;[32m&amp#27;[1m"Authentication failed."&amp#27;[0m &amp#27;[90m# Steps.LoginSteps.itShouldDisplayInvalidMessage(java.lang.String)&amp#27;[0m
  &amp#27;[32mThen &amp#27;[0m&amp#27;[32mit should display invalid message &amp#27;[0m&amp#27;[32m&amp#27;[1m"Authentication failed."&amp#27;[0m &amp#27;[90m# Steps.LoginSteps.itShouldDisplayInvalidMessage(java.lang.String)&amp#27;[0m
]]></system-out>
  </testcase>
  <testcase name="runScenario[&quot;Login with invalid credentials&quot;, &quot;Optional[Login page feature]&quot;](15)" classname="TestRunner.ParallelRunner" time="16.171">
    <system-out><![CDATA[  &amp#27;[32mAnd &amp#27;[0m&amp#27;[32muser clicks on login button&amp#27;[0m                                 &amp#27;[90m# Steps.LoginSteps.user_clicks_on_login_button()&amp#27;[0m
]]></system-out>
  </testcase>
  <testcase name="runScenario[&quot;Login with invalid password&quot;, &quot;Optional[Login page feature]&quot;](16)" classname="TestRunner.ParallelRunner" time="16.344">
    <system-out><![CDATA[  &amp#27;[32mThen &amp#27;[0m&amp#27;[32mit should display invalid message &amp#27;[0m&amp#27;[32m&amp#27;[1m"Authentication failed."&amp#27;[0m &amp#27;[90m# Steps.LoginSteps.itShouldDisplayInvalidMessage(java.lang.String)&amp#27;[0m
]]></system-out>
  </testcase>
</testsuite>